Start testing: May 30 17:51 SA Pacific Standard Time
----------------------------------------------------------
1/4 Testing: test_result
1/4 Test: test_result
Command: "C:/Users/USER/Desktop/ARCHIVOS_C/CODE DEEP/build/Debug/test_result.exe"
Directory: C:/Users/USER/Desktop/ARCHIVOS_C/CODE DEEP/build
"test_result" start time: May 30 17:51 SA Pacific Standard Time
Output:
----------------------------------------------------------
=== Result<T> Unit Tests ===
  TEST: Result<int>::ok stores value correctly ... PASSED
  TEST: Result<int>::error stores error message ... PASSED
  TEST: Result<int>::error::value() throws runtime_error ... PASSED
  TEST: Result<int>::ok::value() does not throw ... PASSED
  TEST: value_or on error returns default ... PASSED
  TEST: Result<void>::ok works ... PASSED
  TEST: Result<void>::error works ... PASSED
  TEST: Result<int> copy semantics ... PASSED
  TEST: Result<int> move semantics ... PASSED

=== Summary === 
Passed: 9
Failed: 0
<end of output>
Test time =   0.04 sec
----------------------------------------------------------
Test Passed.
"test_result" end time: May 30 17:51 SA Pacific Standard Time
"test_result" time elapsed: 00:00:00
----------------------------------------------------------

2/4 Testing: test_datapacket
2/4 Test: test_datapacket
Command: "C:/Users/USER/Desktop/ARCHIVOS_C/CODE DEEP/build/Debug/test_datapacket.exe"
Directory: C:/Users/USER/Desktop/ARCHIVOS_C/CODE DEEP/build
"test_datapacket" start time: May 30 17:51 SA Pacific Standard Time
Output:
----------------------------------------------------------
=== DataPacket Unit Tests ===
  TEST: DataPacket default construction yields empty packet ... PASSED
  TEST: DataPacket set/get int preserves value ... PASSED
  TEST: DataPacket set/get double preserves value ... PASSED
  TEST: DataPacket set/get std::string preserves value ... PASSED
  TEST: DataPacket set/get const char* preserves value ... PASSED
  TEST: DataPacket get on missing key returns error Result ... PASSED
  TEST: DataPacket get with wrong type returns error ... PASSED
  TEST: DataPacket with multiple entries tracks keys correctly ... PASSED
  TEST: DataPacket overwriting a key replaces the value ... PASSED
  TEST: DataPacket has() returns false for missing keys ... PASSED
  TEST: DataPacket copy semantics preserve all data ... PASSED
  TEST: DataPacket move semantics transfer data ... PASSED
  TEST: DataPacket JSON serialization roundtrip ... PASSED

=== Summary === 
Passed: 13
Failed: 0
<end of output>
Test time =   0.03 sec
----------------------------------------------------------
Test Passed.
"test_datapacket" end time: May 30 17:51 SA Pacific Standard Time
"test_datapacket" time elapsed: 00:00:00
----------------------------------------------------------

3/4 Testing: test_engine
3/4 Test: test_engine
Command: "C:/Users/USER/Desktop/ARCHIVOS_C/CODE DEEP/build/Debug/test_engine.exe"
Directory: C:/Users/USER/Desktop/ARCHIVOS_C/CODE DEEP/build
"test_engine" start time: May 30 17:51 SA Pacific Standard Time
Output:
----------------------------------------------------------
=== WorkflowEngine Unit Tests ===
  TEST: Engine with empty pipeline returns ok ... PASSED
  TEST: Engine with a single success command returns its output ... PASSED
  TEST: Engine halts pipeline when a command returns error ... PASSED
  TEST: Engine passes DataPacket through pipeline commands ... PASSED
  TEST: Engine returns error for unknown command type ... PASSED
  TEST: Engine does not execute later commands after error ... PASSED
  TEST: DataBus allows inter-command shared state ... PASSED

=== Summary === 
Passed: 7
Failed: 0
<end of output>
Test time =   0.03 sec
----------------------------------------------------------
Test Passed.
"test_engine" end time: May 30 17:51 SA Pacific Standard Time
"test_engine" time elapsed: 00:00:00
----------------------------------------------------------

4/4 Testing: test_observability
4/4 Test: test_observability
Command: "C:/Users/USER/Desktop/ARCHIVOS_C/CODE DEEP/build/Debug/test_observability.exe"
Directory: C:/Users/USER/Desktop/ARCHIVOS_C/CODE DEEP/build
"test_observability" start time: May 30 17:51 SA Pacific Standard Time
Output:
----------------------------------------------------------
=== Observability & Resilience Tests ===

[2026-05-30 17:51:22.439] [INFO] Syncing from global CommandRegistry (3 types available)
[2026-05-30 17:51:22.441] [DEBUG]   - TransformCommand
[2026-05-30 17:51:22.441] [DEBUG]   - DelayCommand
[2026-05-30 17:51:22.441] [DEBUG]   - EchoCommand
[2026-05-30 17:51:22.441] [DEBUG] Registered command type: ThrowingCommand
[2026-05-30 17:51:22.441] [INFO] Executing workflow: test-exception-halt
[2026-05-30 17:51:22.441] [DEBUG] Pipeline has 1 steps
[2026-05-30 17:51:22.441] [INFO] [1/1] Executing: step1 (ThrowingCommand)
[2026-05-30 17:51:22.441] [ERROR] Command 'step1' threw exception: Simulated exception!
[2026-05-30 17:51:22.442] [INFO] Syncing from global CommandRegistry (3 types available)
[2026-05-30 17:51:22.442] [DEBUG]   - TransformCommand
[2026-05-30 17:51:22.442] [DEBUG]   - DelayCommand
[2026-05-30 17:51:22.442] [DEBUG]   - EchoCommand
[2026-05-30 17:51:22.442] [DEBUG] Registered command type: ThrowingCommand
[2026-05-30 17:51:22.442] [DEBUG] Registered command type: SimpleEcho
[2026-05-30 17:51:22.442] [INFO] Executing workflow: test-exception-continue
[2026-05-30 17:51:22.442] [DEBUG] Pipeline has 2 steps
[2026-05-30 17:51:22.442] [INFO] [1/2] Executing: step1 (ThrowingCommand)
[2026-05-30 17:51:22.442] [ERROR] Command 'step1' threw exception: Simulated exception!
[2026-05-30 17:51:22.442] [WARN] on_error=continue: advancing to next step despite exception
[2026-05-30 17:51:22.442] [INFO] [2/2] Executing: step2 (SimpleEcho)
[2026-05-30 17:51:22.442] [DEBUG] Step 2 completed. DataPacket now has 1 entries.
[2026-05-30 17:51:22.442] [INFO] Workflow completed successfully.
[2026-05-30 17:51:22.442] [INFO] Syncing from global CommandRegistry (3 types available)
[2026-05-30 17:51:22.442] [DEBUG]   - TransformCommand
[2026-05-30 17:51:22.442] [DEBUG]   - DelayCommand
[2026-05-30 17:51:22.442] [DEBUG]   - EchoCommand
[2026-05-30 17:51:22.442] [DEBUG] Registered command type: AlwaysError
[2026-05-30 17:51:22.442] [INFO] Executing workflow: test-error-halt
[2026-05-30 17:51:22.442] [DEBUG] Pipeline has 1 steps
[2026-05-30 17:51:22.442] [INFO] [1/1] Executing: step1 (AlwaysError)
[2026-05-30 17:51:22.442] [ERROR] Pipeline halted at step 1 'step1': Simulated command failure
[2026-05-30 17:51:22.442] [INFO] Syncing from global CommandRegistry (3 types available)
[2026-05-30 17:51:22.442] [DEBUG]   - TransformCommand
[2026-05-30 17:51:22.442] [DEBUG]   - DelayCommand
[2026-05-30 17:51:22.442] [DEBUG]   - EchoCommand
[2026-05-30 17:51:22.442] [DEBUG] Registered command type: AlwaysError
[2026-05-30 17:51:22.442] [DEBUG] Registered command type: SimpleEcho
[2026-05-30 17:51:22.442] [INFO] Executing workflow: test-error-continue
[2026-05-30 17:51:22.442] [DEBUG] Pipeline has 2 steps
[2026-05-30 17:51:22.442] [INFO] [1/2] Executing: step1 (AlwaysError)
[2026-05-30 17:51:22.442] [ERROR] Pipeline halted at step 1 'step1': Simulated command failure
[2026-05-30 17:51:22.442] [WARN] on_error=continue: advancing to next step despite error
[2026-05-30 17:51:22.442] [INFO] [2/2] Executing: step2 (SimpleEcho)
[2026-05-30 17:51:22.443] [DEBUG] Step 2 completed. DataPacket now has 1 entries.
[2026-05-30 17:51:22.443] [INFO] Workflow completed successfully.
[2026-05-30 17:51:22.443] [INFO] Syncing from global CommandRegistry (3 types available)
[2026-05-30 17:51:22.443] [DEBUG]   - TransformCommand
[2026-05-30 17:51:22.443] [DEBUG]   - DelayCommand
[2026-05-30 17:51:22.443] [DEBUG]   - EchoCommand
[2026-05-30 17:51:22.443] [INFO] Executing workflow: test-audit-snapshots
[2026-05-30 17:51:22.443] [DEBUG] Pipeline has 1 steps
[2026-05-30 17:51:22.443] [INFO] [1/1] Executing: step1 (EchoCommand)
[2026-05-30 17:51:22.444] [DEBUG] Audit snapshot written: logs/test_audit\test-audit-snapshots_step1_step1_pre.json
[2026-05-30 17:51:22.444] [INFO] [step1] hello
[2026-05-30 17:51:22.444] [DEBUG] [step1] Input DataPacket has 1 entries:
[2026-05-30 17:51:22.444] [DEBUG]   - test
[2026-05-30 17:51:22.444] [WARN] [step1] Clave 'output_key' no encontrada en el DataPacket
[2026-05-30 17:51:22.445] [DEBUG] Audit snapshot written: logs/test_audit\test-audit-snapshots_step1_step1_success.json
[2026-05-30 17:51:22.445] [DEBUG] Step 1 completed. DataPacket now has 1 entries.
[2026-05-30 17:51:22.445] [INFO] Workflow completed successfully.
[2026-05-30 17:51:22.452] [INFO] Syncing from global CommandRegistry (3 types available)
[2026-05-30 17:51:22.452] [DEBUG]   - TransformCommand
[2026-05-30 17:51:22.452] [DEBUG]   - DelayCommand
[2026-05-30 17:51:22.452] [DEBUG]   - EchoCommand
[2026-05-30 17:51:22.452] [DEBUG] Registered command type: ThrowingCommand
[2026-05-30 17:51:22.452] [DEBUG] Registered command type: SimpleEcho
[2026-05-30 17:51:22.452] [INFO] Executing workflow: test-postmortem
[2026-05-30 17:51:22.452] [DEBUG] Pipeline has 2 steps
[2026-05-30 17:51:22.452] [INFO] [1/2] Executing: step1 (ThrowingCommand)
[2026-05-30 17:51:22.453] [DEBUG] Audit snapshot written: logs/test_audit_pm\test-postmortem_step1_step1_pre.json
[2026-05-30 17:51:22.453] [ERROR] Command 'step1' threw exception: Simulated exception!
[2026-05-30 17:51:22.454] [DEBUG] Audit snapshot written: logs/test_audit_pm\test-postmortem_step1_step1_exception.json
[2026-05-30 17:51:22.454] [INFO] Post-mortem snapshot saved for: step1
[2026-05-30 17:51:22.461] [INFO] Syncing from global CommandRegistry (3 types available)
[2026-05-30 17:51:22.461] [DEBUG]   - TransformCommand
[2026-05-30 17:51:22.461] [DEBUG]   - DelayCommand
[2026-05-30 17:51:22.461] [DEBUG]   - EchoCommand
[2026-05-30 17:51:22.461] [INFO] Executing workflow: test-audit-disabled
[2026-05-30 17:51:22.461] [DEBUG] Pipeline has 1 steps
[2026-05-30 17:51:22.461] [INFO] [1/1] Executing: step1 (EchoCommand)
[2026-05-30 17:51:22.461] [INFO] [step1] quiet
[2026-05-30 17:51:22.461] [DEBUG] [step1] Input DataPacket has 0 entries:
[2026-05-30 17:51:22.461] [WARN] [step1] Clave 'output_key' no encontrada en el DataPacket
[2026-05-30 17:51:22.461] [DEBUG] Step 1 completed. DataPacket now has 0 entries.
[2026-05-30 17:51:22.461] [INFO] Workflow completed successfully.
[2026-05-30 17:51:22.461] [INFO] Syncing from global CommandRegistry (3 types available)
[2026-05-30 17:51:22.461] [DEBUG]   - TransformCommand
[2026-05-30 17:51:22.461] [DEBUG]   - DelayCommand
[2026-05-30 17:51:22.461] [DEBUG]   - EchoCommand
[2026-05-30 17:51:22.461] [INFO] Executing workflow: test-null-bus
[2026-05-30 17:51:22.461] [DEBUG] Pipeline has 1 steps
[2026-05-30 17:51:22.461] [INFO] [1/1] Executing: step1 (EchoCommand)
[2026-05-30 17:51:22.461] [INFO] [step1] test
[2026-05-30 17:51:22.461] [DEBUG] [step1] Input DataPacket has 0 entries:
[2026-05-30 17:51:22.461] [WARN] [step1] Clave 'output_key' no encontrada en el DataPacket
[2026-05-30 17:51:22.461] [DEBUG] Step 1 completed. DataPacket now has 0 entries.
[2026-05-30 17:51:22.461] [INFO] Workflow completed successfully.

=== Results: 41 passed, 0 failed ===
<end of output>
Test time =   0.05 sec
----------------------------------------------------------
Test Passed.
"test_observability" end time: May 30 17:51 SA Pacific Standard Time
"test_observability" time elapsed: 00:00:00
----------------------------------------------------------

End testing: May 30 17:51 SA Pacific Standard Time
